<?xml version="1.0" encoding="UTF-8"?>
<robot generator="Robot 3.1.2 (Python 3.7.4 on win32)" generated="20191114 14:16:08.691" rpa="false">
<suite id="s1" name="Mc" source="C:\Users\PF1PJ9VB\Desktop\MC\Mc.robot">
<test id="s1-t1" name="User 2 Apply MC">
<kw name="Open MC web">
<kw name="Open Browser" library="Selenium2Library">
<doc>Opens a new browser instance to the given ``url``.</doc>
<arguments>
<arg>${MC_web}</arg>
<arg>${BROWSER}</arg>
</arguments>
<msg timestamp="20191114 14:16:08.873" level="INFO">Opening browser 'chrome' to base url 'http://10.26.11.90:10001/en'.</msg>
<kw name="Capture Page Screenshot" library="Selenium2Library">
<doc>Takes screenshot of the current page and embeds it into log file.</doc>
<msg timestamp="20191114 14:16:17.552" level="FAIL">WebDriverException: Message: chrome not reachable
  (Session info: chrome=78.0.3904.97)
</msg>
<status status="FAIL" starttime="20191114 14:16:11.476" endtime="20191114 14:16:17.552"></status>
</kw>
<msg timestamp="20191114 14:16:17.552" level="WARN">Keyword 'Capture Page Screenshot' could not be run on failure: WebDriverException: Message: chrome not reachable
  (Session info: chrome=78.0.3904.97)
</msg>
<msg timestamp="20191114 14:16:17.561" level="FAIL">WebDriverException: Message: unknown error: cannot determine loading status
from disconnected: received Inspector.detached event
  (Session info: chrome=78.0.3904.97)
</msg>
<status status="FAIL" starttime="20191114 14:16:08.873" endtime="20191114 14:16:17.561"></status>
</kw>
<status status="FAIL" starttime="20191114 14:16:08.873" endtime="20191114 14:16:17.561"></status>
</kw>
<status status="FAIL" starttime="20191114 14:16:08.872" endtime="20191114 14:16:17.562" critical="yes">WebDriverException: Message: unknown error: cannot determine loading status
from disconnected: received Inspector.detached event
  (Session info: chrome=78.0.3904.97)
</status>
</test>
<test id="s1-t2" name="Submit MC">
<kw name="Go Applied MC">
<kw name="Sleep" library="BuiltIn">
<doc>Pauses the test executed for the given time.</doc>
<arguments>
<arg>2</arg>
</arguments>
<msg timestamp="20191114 14:16:19.564" level="INFO">Slept 2 seconds</msg>
<status status="PASS" starttime="20191114 14:16:17.564" endtime="20191114 14:16:19.564"></status>
</kw>
<kw name="Click Element" library="Selenium2Library">
<doc>Click element identified by ``locator``.</doc>
<arguments>
<arg>//a[contains(text(),"Applied MCs")]</arg>
</arguments>
<msg timestamp="20191114 14:16:19.566" level="INFO">Clicking element '//a[contains(text(),"Applied MCs")]'.</msg>
<kw name="Capture Page Screenshot" library="Selenium2Library">
<doc>Takes screenshot of the current page and embeds it into log file.</doc>
<msg timestamp="20191114 14:16:31.607" level="FAIL">WebDriverException: Message: chrome not reachable
  (Session info: chrome=78.0.3904.97)
</msg>
<status status="FAIL" starttime="20191114 14:16:25.589" endtime="20191114 14:16:31.607"></status>
</kw>
<msg timestamp="20191114 14:16:31.607" level="WARN">Keyword 'Capture Page Screenshot' could not be run on failure: WebDriverException: Message: chrome not reachable
  (Session info: chrome=78.0.3904.97)
</msg>
<msg timestamp="20191114 14:16:31.624" level="FAIL">WebDriverException: Message: chrome not reachable
  (Session info: chrome=78.0.3904.97)
</msg>
<status status="FAIL" starttime="20191114 14:16:19.565" endtime="20191114 14:16:31.624"></status>
</kw>
<status status="FAIL" starttime="20191114 14:16:17.564" endtime="20191114 14:16:31.624"></status>
</kw>
<status status="FAIL" starttime="20191114 14:16:17.564" endtime="20191114 14:16:31.625" critical="yes">WebDriverException: Message: chrome not reachable
  (Session info: chrome=78.0.3904.97)
</status>
</test>
<test id="s1-t3" name="Wait">
<kw name="Sleep" library="BuiltIn">
<doc>Pauses the test executed for the given time.</doc>
<arguments>
<arg>5</arg>
</arguments>
<msg timestamp="20191114 14:16:36.628" level="INFO">Slept 5 seconds</msg>
<status status="PASS" starttime="20191114 14:16:31.627" endtime="20191114 14:16:36.628"></status>
</kw>
<status status="PASS" starttime="20191114 14:16:31.626" endtime="20191114 14:16:36.630" critical="yes"></status>
</test>
<status status="FAIL" starttime="20191114 14:16:08.693" endtime="20191114 14:16:36.636"></status>
</suite>
<statistics>
<total>
<stat pass="1" fail="2">Critical Tests</stat>
<stat pass="1" fail="2">All Tests</stat>
</total>
<tag>
</tag>
<suite>
<stat pass="1" fail="2" id="s1" name="Mc">Mc</stat>
</suite>
</statistics>
<errors>
<msg timestamp="20191114 14:16:17.552" level="WARN">Keyword 'Capture Page Screenshot' could not be run on failure: WebDriverException: Message: chrome not reachable
  (Session info: chrome=78.0.3904.97)
</msg>
<msg timestamp="20191114 14:16:31.607" level="WARN">Keyword 'Capture Page Screenshot' could not be run on failure: WebDriverException: Message: chrome not reachable
  (Session info: chrome=78.0.3904.97)
</msg>
</errors>
</robot>
